#speed probe 
WAIT 560000
SEND  000002
SEND  0004

#now resume captured interactions
WAIT 560000
SEND 000002
SEND 0004
WAIT 7601020004
SEND 000100
WAIT 3f02013f
SEND 00020b
SEND 3f424d4f505f62666d6f70
WAIT 6f0305630061a800
SEND 000300
WAIT 6f04027001
SEND 000400
WAIT 6f05026f00
SEND 000500
WAIT 7006036f0301
SEND 000600
WAIT 6d07027201
SEND 000700
WAIT 6d08025300
SEND 000800
WAIT 6d0902730e
SEND 000900
WAIT 6d0a027200
SEND 000a00
WAIT 620b080000001007000001
SEND 000b00
SEND 627709
SEND 000000e000001f9401
SEND 627809
SEND 000000e000001fa801
WAIT 620c1000000013e100000000001fd000000000
SEND 000c00
SEND 62790d
SEND 000000e1000000000000006401
WAIT 620d1000000013e100000000001fd400000000
SEND 000d00
SEND 627a0d
SEND 000000e1000000000000032001
WAIT 620e1000000013e100000000001fd800000000
SEND 000e00
SEND 627b0d
SEND 000000e100000000a000002801
WAIT 620f1000000013e100000000001fdc00000000
SEND 000f00
SEND 627c0d
SEND 000000e1000000000000006001
WAIT 62101000000013e100000000001fc000000000
SEND 001000
SEND 627d0d
SEND 000000e1000000000000032001
WAIT 62111000000013e100000000001fc400000000
SEND 001100
SEND 627e0d
SEND 000000e100000000000003e801
WAIT 62121000000013e100000000001fc800000000
SEND 001200
SEND 627f0d
SEND 000000e100000000ffffffff01
WAIT 62131000000013e100000000001fcc00000000
SEND 001300
SEND 62800d
SEND 000000e100000000ffffffff01
WAIT 62141000000013e100000000001fb000000000
SEND 001400
SEND 62810d
SEND 000000e1000000000000002a01
WAIT 62151000000013e100000000001fb400000000
SEND 001500
SEND 62820d
SEND 000000e100000000ffffffff01
WAIT 62161000000013e100000000001fb800000000
SEND 001600
SEND 62830d
SEND 000000e100000000ffffffff01
WAIT 62171000000013e100000000001fbc00000000
SEND 001700
SEND 62840d
SEND 000000e100000000ffffffff01
WAIT 62181000000013e100000000001fe000000000
SEND 001800
SEND 62850d
SEND 000000e100000000ffffffff01
WAIT 62191000000013e100000000001fac00000000
SEND 001900
SEND 62860d
SEND 000000e10000000000001f6c01
WAIT 621a1000000013e100000000001fe400000000
SEND 001a00
SEND 62870d
SEND 000000e1000000000000040b01
WAIT 621b1000000013e100000000001fe800000000
SEND 001b00
SEND 62880d
SEND 000000e1000000000000010c01
WAIT 621c1000000013e100000000001fec00000000
SEND 001c00
SEND 62890d
SEND 000000e1000000008100000001
WAIT 621d1000000013e100000000001fd000000000
SEND 001d00
SEND 628a0d
SEND 000000e1000000000000006401
WAIT 621e1000000013e100000000001fd400000000
SEND 001e00
SEND 628b0d
SEND 000000e1000000000000032001
WAIT 621f1000000013e100000000001fd800000000
SEND 001f00
SEND 628c0d
SEND 000000e100000000a000002801
WAIT 62201000000013e100000000001fdc00000000
SEND 002000
SEND 628d0d
SEND 000000e1000000000000006001
WAIT 62211000000013e100000000001fc000000000
SEND 002100
SEND 628e0d
SEND 000000e1000000000000032001
WAIT 62221000000013e100000000001fc400000000
SEND 002200
SEND 628f0d
SEND 000000e100000000000003e801
WAIT 62231000000013e100000000001fc800000000
SEND 002300
SEND 62900d
SEND 000000e100000000ffffffff01
WAIT 62241000000013e100000000001fcc00000000
SEND 002400
SEND 62910d
SEND 000000e100000000ffffffff01
WAIT 62251000000013e100000000001fb000000000
SEND 002500
SEND 62920d
SEND 000000e1000000000000002a01
WAIT 62261000000013e100000000001fb400000000
SEND 002600
SEND 62930d
SEND 000000e100000000ffffffff01
WAIT 62271000000013e100000000001fb800000000
SEND 002700
SEND 62940d
SEND 000000e100000000ffffffff01
WAIT 62281000000013e100000000001fbc00000000
SEND 002800
SEND 62950d
SEND 000000e100000000ffffffff01
WAIT 62291000000013e100000000001fe000000000
SEND 002900
SEND 62960d
SEND 000000e100000000ffffffff01
WAIT 622a1000000013e100000000001fac00000000
SEND 002a00
SEND 62970d
SEND 000000e10000000000001f6c01
WAIT 622b1000000013e100000000001fe400000000
SEND 002b00
SEND 62980d
SEND 000000e1000000000000040b01
WAIT 622c1000000013e100000000001fe800000000
SEND 002c00
SEND 62990d
SEND 000000e1000000000000010c01
WAIT 622d1000000013e100000000001fec00000000
SEND 002d00
SEND 629a0d
SEND 000000e1000000008100000001
WAIT 622e1000000013e10000000000010c00000000
SEND 002e00
SEND 629b0d
SEND 000000e10000000046c0d00201
WAIT 622f1000000013e10000000000010800000000
SEND 002f00
SEND 629c0d
SEND 000000e1000000004283230001
WAIT 62301000000013e10000000000010800000000
SEND 003000
SEND 629d0d
SEND 000000e1000000004283230001
WAIT 62311000000013e100000000001fe800000000
SEND 003100
SEND 629e0d
SEND 000000e1000000000000010c01
WAIT 62321000000013e100000000001fe800000000
SEND 003200
SEND 629f0d
SEND 000000e1000000000000010c01
WAIT 62331000000013e10000000000010c00000000
SEND 003300
SEND 62a00d
SEND 000000e10000000046c0d00201
WAIT 62341000000013e100000000001fe800000000
SEND 003400
SEND 62a10d
SEND 000000e1000000000000010c01
WAIT 62351000000013e100000000001fec00000000
SEND 003500
SEND 62a20d
SEND 000000e1000000008100000001
WAIT 62361000000013e100000000001fec00000000
SEND 003600
SEND 62a30d
SEND 000000e1000000008100000001
WAIT 62371000000013e10000000000010c00000000
SEND 003700
SEND 62a40d
SEND 000000e10000000046c0d00201
WAIT 62381000000013e10000000000010c00000000
SEND 003800
SEND 62a50d
SEND 000000e10000000046c0d00201
WAIT 62390c000000120000010cdf01d002
SEND 003900
WAIT 623a0c0000001200001f9400000001
SEND 003a00
SEND 62a609
SEND 000000e000001f9401
SEND 62a709
SEND 000000e000001fa801
WAIT 623b1000000013e10000000000010c00000000
SEND 003b00
SEND 62a80d
SEND 000000e100000000df01d00201
WAIT 623c0c000000120000010c46c0d002
SEND 003c00
WAIT 623d1000000013e100000000001fd000000000
SEND 003d00
SEND 62a90d
SEND 000000e1000000000000006401
WAIT 623e1000000013e100000000001fd400000000
SEND 003e00
SEND 62aa0d
SEND 000000e1000000000000032001
WAIT 623f1000000013e100000000001fd800000000
SEND 003f00
SEND 62ab0d
SEND 000000e100000000a000002801
WAIT 62401000000013e100000000001fdc00000000
SEND 004000
SEND 62ac0d
SEND 000000e1000000000000006001
WAIT 62411000000013e100000000001fc000000000
SEND 004100
SEND 62ad0d
SEND 000000e1000000000000032001
WAIT 62421000000013e100000000001fc400000000
SEND 004200
SEND 62ae0d
SEND 000000e100000000000003e801
WAIT 62431000000013e100000000001fc800000000
SEND 004300
SEND 62af0d
SEND 000000e100000000ffffffff01
WAIT 62441000000013e100000000001fcc00000000
SEND 004400
SEND 62b00d
SEND 000000e100000000ffffffff01
WAIT 62451000000013e100000000001fb000000000
SEND 004500
SEND 62b10d
SEND 000000e1000000000000002a01
WAIT 62461000000013e100000000001fb400000000
SEND 004600
SEND 62b20d
SEND 000000e100000000ffffffff01
WAIT 62471000000013e100000000001fb800000000
SEND 004700
SEND 62b30d
SEND 000000e100000000ffffffff01
WAIT 62481000000013e100000000001fbc00000000
SEND 004800
SEND 62b40d
SEND 000000e100000000ffffffff01
WAIT 62491000000013e100000000001fe000000000
SEND 004900
SEND 62b50d
SEND 000000e100000000ffffffff01
WAIT 624a1000000013e100000000001fac00000000
SEND 004a00
SEND 62b60d
SEND 000000e10000000000001f6c01
WAIT 624b1000000013e100000000001fe400000000
SEND 004b00
SEND 62b70d
SEND 000000e1000000000000040b01
WAIT 624c1000000013e100000000001fe800000000
SEND 004c00
SEND 62b80d
SEND 000000e1000000000000010e01
WAIT 624d1000000013e100000000001fec00000000
SEND 004d00
SEND 62b90d
SEND 000000e1000000008100000001
WAIT 624e1000000013e10000000000010c00000000
SEND 004e00
SEND 62ba0d
SEND 000000e10000000046c0d00201
WAIT 624f1000000013e10000000000010c00000000
SEND 004f00
SEND 62bb0d
SEND 000000e10000000046c0d00201
WAIT 62501000000013e10000000000010c00000000
SEND 005000
SEND 62bc0d
SEND 000000e10000000046c0d00201
WAIT 62511000000013e10000000000010c00000000
SEND 005100
SEND 62bd0d
SEND 000000e10000000046c0d00201
WAIT 62521000000013e10000000000010800000000
SEND 005200
SEND 62be0d
SEND 000000e1000000004283230001
WAIT 62531000000013e10000000000010800000000
SEND 005300
SEND 62bf0d
SEND 000000e1000000004283230001
WAIT 62541000000013e10000000000010c00000000
SEND 005400
SEND 62c00d
SEND 000000e10000000046c0d00201
WAIT 62551000000013e100000000001fe800000000
SEND 005500
SEND 62c10d
SEND 000000e1000000000000010e01
WAIT 62561000000013e100000000001fe800000000
SEND 005600
SEND 62c20d
SEND 000000e1000000000000010e01
WAIT 62571000000013e10000000000010c00000000
SEND 005700
SEND 62c30d
SEND 000000e10000000046c0d00201
WAIT 62581000000013e100000000001fb000000000
SEND 005800
SEND 62c40d
SEND 000000e1000000000000002a01
WAIT 62591000000013e10000000000011000000000
SEND 005900
SEND 62c50d
SEND 000000e100000000e7fa330101
WAIT 625a1000000013e10000000000011000000000
SEND 005a00
SEND 62c60d
SEND 000000e100000000e7fa330101
WAIT 625b0c0000001200000110e7fadf01
SEND 005b00
WAIT 625c0c0000001200001f9400000001
SEND 005c00
SEND 62c709
SEND 000000e000001f9401
SEND 62c809
SEND 000000e000001fa801
WAIT 625d1000000013e10000000000011000000000
SEND 005d00
SEND 62c90d
SEND 000000e100000000e7fadf0101
WAIT 625e0c0000001200000110e7fa3301
SEND 005e00
WAIT 625f1000000013e100000000001fd000000000
SEND 005f00
SEND 62ca0d
SEND 000000e1000000000000006401
WAIT 62601000000013e100000000001fd400000000
SEND 006000
SEND 62cb0d
SEND 000000e1000000000000032001
WAIT 62611000000013e100000000001fd800000000
SEND 006100
SEND 62cc0d
SEND 000000e100000000a000002801
WAIT 62621000000013e100000000001fdc00000000
SEND 006200
SEND 62cd0d
SEND 000000e1000000000000006001
WAIT 62631000000013e100000000001fc000000000
SEND 006300
SEND 62ce0d
SEND 000000e1000000000000032001
WAIT 62641000000013e100000000001fc400000000
SEND 006400
SEND 62cf0d
SEND 000000e100000000000003e801
WAIT 62651000000013e100000000001fc800000000
SEND 006500
SEND 62d00d
SEND 000000e100000000ffffffff01
WAIT 62661000000013e100000000001fcc00000000
SEND 006600
SEND 62d10d
SEND 000000e100000000ffffffff01
WAIT 62671000000013e100000000001fb000000000
SEND 006700
SEND 62d20d
SEND 000000e1000000000000002a01
WAIT 62681000000013e100000000001fb400000000
SEND 006800
SEND 62d30d
SEND 000000e100000000ffffffff01
WAIT 62691000000013e100000000001fb800000000
SEND 006900
SEND 62d40d
SEND 000000e100000000ffffffff01
WAIT 626a1000000013e100000000001fbc00000000
SEND 006a00
SEND 62d50d
SEND 000000e100000000ffffffff01
WAIT 626b1000000013e100000000001fe000000000
SEND 006b00
SEND 62d60d
SEND 000000e100000000ffffffff01
WAIT 626c1000000013e100000000001fac00000000
SEND 006c00
SEND 62d70d
SEND 000000e10000000000001f6c01
WAIT 626d1000000013e100000000001fe400000000
SEND 006d00
SEND 62d80d
SEND 000000e1000000000000040b01
WAIT 626e1000000013e100000000001fe800000000
SEND 006e00
SEND 62d90d
SEND 000000e1000000000000011001
WAIT 626f1000000013e100000000001fec00000000
SEND 006f00
SEND 62da0d
SEND 000000e1000000008100000001
WAIT 62701000000013e10000000000011000000000
SEND 007000
SEND 62db0d
SEND 000000e100000000e7fa330101
WAIT 62711000000013e10000000000010800000000
SEND 007100
SEND 62dc0d
SEND 000000e1000000004283230001
WAIT 62721000000013e10000000000010800000000
SEND 007200
SEND 62dd0d
SEND 000000e1000000004283230001
WAIT 62731000000013e10000000000010c00000000
SEND 007300
SEND 62de0d
SEND 000000e10000000046c0d00201
WAIT 62741000000013e10000000000040800000000
SEND 007400
SEND 62df0d
SEND 000000e1000000003401fe7f01
WAIT 62751000000013e10000000000040800000000
SEND 007500
SEND 62e00d
SEND 000000e1000000003401fe7f01
WAIT 62761000000013e10000000000040800000000
SEND 007600
SEND 62e10d
SEND 000000e1000000003401fe7f01
WAIT 62771000000013e10000000000040800000000
SEND 007700
SEND 62e20d
SEND 000000e1000000003401fe7f01
WAIT 62781000000013e10000000000036000000000
SEND 007800
SEND 62e30d
SEND 000000e1000000004645b53001
WAIT 62791000000013e10000000000036000000000
SEND 007900
SEND 62e40d
SEND 000000e1000000004645b53001
WAIT 627a1000000013e10000000000036400000000
SEND 007a00
SEND 62e50d
SEND 000000e100000000f7ffb42001
WAIT 627b1000000013e10000000000036400000000
SEND 007b00
SEND 62e60d
SEND 000000e100000000f7ffb42001
WAIT 627c1000000013e10000000000036800000000
SEND 007c00
SEND 62e70d
SEND 000000e100000000492bfefd01
WAIT 627d1000000013e10000000000040800000000
SEND 007d00
SEND 62e80d
SEND 000000e1000000003401fe7f01
WAIT 627e1000000013e10000000000040800000000
SEND 007e00
SEND 62e90d
SEND 000000e1000000003401fe7f01
WAIT 627f1000000013e10000000000040800000000
SEND 007f00
SEND 62ea0d
SEND 000000e1000000003401fe7f01
WAIT 62800c0000001200000408df01fe7f
SEND 008000
WAIT 62810c0000001200001f9400000001
SEND 008100
SEND 62eb09
SEND 000000e000001f9401
SEND 62ec09
SEND 000000e000001fa801
WAIT 62821000000013e100000000001fd000000000
SEND 008200
SEND 62ed0d
SEND 000000e1000000000000006401
WAIT 62831000000013e100000000001fd400000000
SEND 008300
SEND 62ee0d
SEND 000000e1000000000000032001
WAIT 62841000000013e100000000001fd800000000
SEND 008400
SEND 62ef0d
SEND 000000e100000000a000002801
WAIT 62851000000013e100000000001fdc00000000
SEND 008500
SEND 62f00d
SEND 000000e1000000000000006401
WAIT 62861000000013e100000000001fc000000000
SEND 008600
SEND 62f10d
SEND 000000e1000000000000032001
WAIT 62871000000013e100000000001fc400000000
SEND 008700
SEND 62f20d
SEND 000000e100000000000003e801
WAIT 62881000000013e100000000001fc800000000
SEND 008800
SEND 62f30d
SEND 000000e100000000ffffffff01
WAIT 62891000000013e100000000001fcc00000000
SEND 008900
SEND 62f40d
SEND 000000e100000000ffffffff01
WAIT 628a1000000013e100000000001fb000000000
SEND 008a00
SEND 62f50d
SEND 000000e1000000000000002a01
WAIT 628b1000000013e100000000001fb400000000
SEND 008b00
SEND 62f60d
SEND 000000e100000000ffffffff01
WAIT 628c1000000013e100000000001fb800000000
SEND 008c00
SEND 62f70d
SEND 000000e100000000ffffffff01
WAIT 628d1000000013e100000000001fbc00000000
SEND 008d00
SEND 62f80d
SEND 000000e100000000ffffffff01
WAIT 628e1000000013e100000000001fe000000000
SEND 008e00
SEND 62f90d
SEND 000000e100000000ffffffff01
WAIT 628f1000000013e100000000001fac00000000
SEND 008f00
SEND 62fa0d
SEND 000000e10000000000001f6c01
WAIT 62901000000013e100000000001fe400000000
SEND 009000
SEND 62fb0d
SEND 000000e1000000000000040b01
WAIT 62911000000013e100000000001fe800000000
SEND 009100
SEND 62fc0d
SEND 000000e1000000000000040a01
WAIT 62921000000013e100000000001fec00000000
SEND 009200
SEND 62fd0d
SEND 000000e1000000006100000001
WAIT 62931000000013e10000000000040800000000
SEND 009300
SEND 62fe0d
SEND 000000e100000000df01fe7f01
WAIT 62941000000013e10000000000040800000000
SEND 009400
SEND 62ff0d
SEND 000000e100000000df01fe7f01
WAIT 62951000000013e10000000000040800000000
SEND 009500
SEND 62000d
SEND 000000e100000000df01fe7f01
WAIT 62961000000013e10000000000040800000000
SEND 009600
SEND 62010d
SEND 000000e100000000df01fe7f01
WAIT 62971000000013e10000000000036000000000
SEND 009700
SEND 62020d
SEND 000000e1000000004645b53001
WAIT 62981000000013e10000000000036000000000
SEND 009800
SEND 62030d
SEND 000000e1000000004645b53001
WAIT 62991000000013e10000000000036400000000
SEND 009900
SEND 62040d
SEND 000000e100000000f7ffb42001
WAIT 629a1000000013e10000000000036400000000
SEND 009a00
SEND 62050d
SEND 000000e100000000f7ffb42001
WAIT 629b1000000013e10000000000036800000000
SEND 009b00
SEND 62060d
SEND 000000e100000000492bfefd01
WAIT 629c1000000013e10000000000040800000000
SEND 009c00
SEND 62070d
SEND 000000e100000000df01fe7f01
WAIT 629d0c00000012000004083401fe7f
SEND 009d00
WAIT 629e0c0000001200001f9400000001
SEND 009e00
WAIT 629f080000001007000001
SEND 009f00
SEND 620809
SEND 000000e000001f9401
SEND 620909
SEND 000000e000001fa801
WAIT 62a01000000013e100000000001fd000000000
SEND 00a000
SEND 620a0d
SEND 000000e1000000000000006401
WAIT 62a11000000013e100000000001fd400000000
SEND 00a100
SEND 620b0d
SEND 000000e1000000000000037201
WAIT 62a21000000013e100000000001fd800000000
SEND 00a200
SEND 620c0d
SEND 000000e100000000a000002801
WAIT 62a31000000013e100000000001fdc00000000
SEND 00a300
SEND 620d0d
SEND 000000e1000000000000001a01
WAIT 62a41000000013e100000000001fc000000000
SEND 00a400
SEND 620e0d
SEND 000000e1000000000000037201
WAIT 62a51000000013e100000000001fc400000000
SEND 00a500
SEND 620f0d
SEND 000000e100000000000003e801
WAIT 62a61000000013e100000000001fc800000000
SEND 00a600
SEND 62100d
SEND 000000e100000000ffffffff01
WAIT 62a71000000013e100000000001fcc00000000
SEND 00a700
SEND 62110d
SEND 000000e100000000ffffffff01
WAIT 62a81000000013e100000000001fb000000000
SEND 00a800
SEND 62120d
SEND 000000e1000000000000002a01
WAIT 62a91000000013e100000000001fb400000000
SEND 00a900
SEND 62130d
SEND 000000e100000000ffffffff01
WAIT 62aa1000000013e100000000001fb800000000
SEND 00aa00
SEND 62140d
SEND 000000e100000000ffffffff01
WAIT 62ab1000000013e100000000001fbc00000000
SEND 00ab00
SEND 62150d
SEND 000000e100000000ffffffff01
WAIT 62ac1000000013e100000000001fe000000000
SEND 00ac00
SEND 62160d
SEND 000000e100000000ffffffff01
WAIT 62ad1000000013e100000000001fac00000000
SEND 00ad00
SEND 62170d
SEND 000000e10000000000001f6c01
WAIT 62ae1000000013e100000000001fe400000000
SEND 00ae00
SEND 62180d
SEND 000000e1000000000000040b01
WAIT 62af1000000013e100000000001fe800000000
SEND 00af00
SEND 62190d
SEND 000000e1000000000000010c01
WAIT 62b01000000013e100000000001fec00000000
SEND 00b000
SEND 621a0d
SEND 000000e1000000008100000001
WAIT 62b11000000013e10000000000010c00000000
SEND 00b100
SEND 621b0d
SEND 000000e10000000046c0d00201
WAIT 62b21000000013e10000000000010800000000
SEND 00b200
SEND 621c0d
SEND 000000e1000000004283230001
WAIT 62b31000000013e10000000000010800000000
SEND 00b300
SEND 621d0d
SEND 000000e1000000004283230001
WAIT 62b41000000013e10000000000010800000000
SEND 00b400
SEND 621e0d
SEND 000000e1000000004283230001
WAIT 62b51000000013e10000000000010800000000
SEND 00b500
SEND 621f0d
SEND 000000e1000000004283230001
WAIT 62b61000000013e10000000000010c00000000
SEND 00b600
SEND 62200d
SEND 000000e10000000046c0d00201
WAIT 62b71000000013e10000000000010800000000
SEND 00b700
SEND 62210d
SEND 000000e1000000004283230001
WAIT 62b81000000013e10000000000010800000000
SEND 00b800
SEND 62220d
SEND 000000e1000000004283230001
WAIT 62b91000000013e10000000000010800000000
SEND 00b900
SEND 62230d
SEND 000000e1000000004283230001
WAIT 62ba0c0000001200000108df012300
SEND 00ba00
WAIT 62bb0c0000001200001f9400000001
SEND 00bb00
SEND 622409
SEND 000000e000001f9401
SEND 622509
SEND 000000e000001fa801
WAIT 62bc1000000013e100000000001fd000000000
SEND 00bc00
SEND 62260d
SEND 000000e1000000000000006401
WAIT 62bd1000000013e100000000001fd400000000
SEND 00bd00
SEND 62270d
SEND 000000e1000000000000037201
WAIT 62be1000000013e100000000001fd800000000
SEND 00be00
SEND 62280d
SEND 000000e100000000a000002801
WAIT 62bf1000000013e100000000001fdc00000000
SEND 00bf00
SEND 62290d
SEND 000000e1000000000000001b01
WAIT 62c01000000013e100000000001fc000000000
SEND 00c000
SEND 622a0d
SEND 000000e1000000000000037201
WAIT 62c11000000013e100000000001fc400000000
SEND 00c100
SEND 622b0d
SEND 000000e100000000000003e801
WAIT 62c21000000013e100000000001fc800000000
SEND 00c200
SEND 622c0d
SEND 000000e100000000ffffffff01
WAIT 62c31000000013e100000000001fcc00000000
SEND 00c300
SEND 622d0d
SEND 000000e100000000ffffffff01
WAIT 62c41000000013e100000000001fb000000000
SEND 00c400
SEND 622e0d
SEND 000000e1000000000000002a01
WAIT 62c51000000013e100000000001fb400000000
SEND 00c500
SEND 622f0d
SEND 000000e100000000ffffffff01
WAIT 62c61000000013e100000000001fb800000000
SEND 00c600
SEND 62300d
SEND 000000e100000000ffffffff01
WAIT 62c71000000013e100000000001fbc00000000
SEND 00c700
SEND 62310d
SEND 000000e100000000ffffffff01
WAIT 62c81000000013e100000000001fe000000000
SEND 00c800
SEND 62320d
SEND 000000e100000000ffffffff01
WAIT 62c91000000013e100000000001fac00000000
SEND 00c900
SEND 62330d
SEND 000000e10000000000001f6c01
WAIT 62ca1000000013e100000000001fe400000000
SEND 00ca00
SEND 62340d
SEND 000000e1000000000000040b01
WAIT 62cb1000000013e100000000001fe800000000
SEND 00cb00
SEND 62350d
SEND 000000e1000000000000010a01
WAIT 62cc1000000013e100000000001fec00000000
SEND 00cc00
SEND 62360d
SEND 000000e1000000000100000001
WAIT 62cd1000000013e10000000000010800000000
SEND 00cd00
SEND 62370d
SEND 000000e100000000df01230001
WAIT 62ce1000000013e10000000000010800000000
SEND 00ce00
SEND 62380d
SEND 000000e100000000df01230001
WAIT 62cf1000000013e10000000000010800000000
SEND 00cf00
SEND 62390d
SEND 000000e100000000df01230001
WAIT 62d01000000013e10000000000010800000000
SEND 00d000
SEND 623a0d
SEND 000000e100000000df01230001
WAIT 62d11000000013e10000000000010800000000
SEND 00d100
SEND 623b0d
SEND 000000e100000000df01230001
WAIT 62d21000000013e10000000000010800000000
SEND 00d200
SEND 623c0d
SEND 000000e100000000df01230001
WAIT 62d30c000000120000010842832300
SEND 00d300
WAIT 62d41000000013e10000000000010000000000
SEND 00d400
SEND 623d0d
SEND 000000e1000000000000031d01
WAIT 62d51000000013e10000000000010400000000
SEND 00d500
SEND 623e0d
SEND 000000e100000000000002d101
WAIT 62d61000000013e10000000000010800000000
SEND 00d600
SEND 623f0d
SEND 000000e1000000004283230001
WAIT 62d71000000013e10000000000010c00000000
SEND 00d700
SEND 62400d
SEND 000000e10000000046c0d00201
WAIT 62d81000000013e10000000000011000000000
SEND 00d800
SEND 62410d
SEND 000000e100000000e7fa330101
WAIT 62d91000000013e10000000000011400000000
SEND 00d900
SEND 62420d
SEND 000000e1000000000000477001
WAIT 62da1000000013e10000000000011800000000
SEND 00da00
SEND 62430d
SEND 000000e1000000004b03220001
WAIT 62db1000000013e10000000000011c00000000
SEND 00db00
SEND 62440d
SEND 000000e1000000004a03601a01
WAIT 62dc1000000013e10000000000012000000000
SEND 00dc00
SEND 62450d
SEND 000000e1000000002201601001
WAIT 62dd1000000013e10000000000012400000000
SEND 00dd00
SEND 62460d
SEND 000000e1000000004770601a01
WAIT 62de1000000013e10000000000012800000000
SEND 00de00
SEND 62470d
SEND 000000e100000000a000120001
WAIT 62df1000000013e10000000000012c00000000
SEND 00df00
SEND 62480d
SEND 000000e100000000a000120401
WAIT 62e01000000013e10000000000013000000000
SEND 00e000
SEND 62490d
SEND 000000e1000000004b01220001
WAIT 62e11000000013e10000000000013400000000
SEND 00e100
SEND 624a0d
SEND 000000e1000000004770601a01
WAIT 62e21000000013e10000000000013800000000
SEND 00e200
SEND 624b0d
SEND 000000e100000000a000120001
WAIT 62e31000000013e10000000000013c00000000
SEND 00e300
SEND 624c0d
SEND 000000e100000000d003290001
WAIT 62e41000000013e10000000000011000000000
SEND 00e400
SEND 624d0d
SEND 000000e100000000e7fa330101
WAIT 62e51000000013e1000000ffffe7f800000000
SEND 00e500
SEND 624e0d
SEND 000000e10000000000001fa801
WAIT 62e61000000013e1000000ffffe7f800000000
SEND 00e600
SEND 624f0d
SEND 000000e10000000000001fa801
WAIT 62e71000000013e1000000ffffe7f800000000
SEND 00e700
SEND 62500d
SEND 000000e10000000000001fa801
WAIT 62e81000000013e1000000ffffe7f800000000
SEND 00e800
SEND 62510d
SEND 000000e10000000000001fa801
WAIT 62e91000000013e10000000000011000000000
SEND 00e900
SEND 62520d
SEND 000000e100000000e7fa330101
WAIT 62ea1000000013e10000000000011000000000
SEND 00ea00
SEND 62530d
SEND 000000e100000000e7fa330101
WAIT 62eb1000000013e10000000000011000000000
SEND 00eb00
SEND 62540d
SEND 000000e100000000e7fa330101
WAIT 62ec1000000013e10000000000011000000000
SEND 00ec00
SEND 62550d
SEND 000000e100000000e7fa330101
WAIT 62ed1000000013e10000000000011000000000
SEND 00ed00
SEND 62560d
SEND 000000e100000000e7fa330101
WAIT 62ee1000000013e10000000000011000000000
SEND 00ee00
SEND 62570d
SEND 000000e100000000e7fa330101
WAIT 62ef0c0000001200000110e7013301
SEND 00ef00
WAIT 62f01000000013e10000000000011000000000
SEND 00f000
SEND 62580d
SEND 000000e100000000e701330101
WAIT 62f10c0000001200000110df013301
SEND 00f100
WAIT 62f21000000013e100000000001fd000000000
SEND 00f200
SEND 62590d
SEND 000000e1000000000000006401
WAIT 62f31000000013e100000000001fd400000000
SEND 00f300
SEND 625a0d
SEND 000000e1000000000000037201
WAIT 62f41000000013e100000000001fd800000000
SEND 00f400
SEND 625b0d
SEND 000000e100000000a000002801
WAIT 62f51000000013e100000000001fdc00000000
SEND 00f500
SEND 625c0d
SEND 000000e1000000000000001b01
WAIT 62f61000000013e100000000001fc000000000
SEND 00f600
SEND 625d0d
SEND 000000e1000000000000037201
WAIT 62f71000000013e100000000001fc400000000
SEND 00f700
SEND 625e0d
SEND 000000e100000000000003e801
WAIT 62f81000000013e100000000001fc800000000
SEND 00f800
SEND 625f0d
SEND 000000e100000000ffffffff01
WAIT 62f91000000013e100000000001fcc00000000
SEND 00f900
SEND 62600d
SEND 000000e100000000ffffffff01
WAIT 62fa1000000013e100000000001fb000000000
SEND 00fa00
SEND 62610d
SEND 000000e1000000000000002a01
WAIT 62fb1000000013e100000000001fb400000000
SEND 00fb00
SEND 62620d
SEND 000000e100000000ffffffff01
WAIT 62fc1000000013e100000000001fb800000000
SEND 00fc00
SEND 62630d
SEND 000000e100000000ffffffff01
WAIT 62fd1000000013e100000000001fbc00000000
SEND 00fd00
SEND 62640d
SEND 000000e100000000ffffffff01
WAIT 62fe1000000013e100000000001fe000000000
SEND 00fe00
SEND 62650d
SEND 000000e100000000ffffffff01
WAIT 62ff1000000013e100000000001fac00000000
SEND 00ff00
SEND 62660d
SEND 000000e10000000000001f6c01
WAIT 62001000000013e100000000001fe400000000
SEND 000000
SEND 62670d
SEND 000000e1000000000000040b01
WAIT 62011000000013e100000000001fe800000000
SEND 000100
SEND 62680d
SEND 000000e1000000000000010a01
WAIT 62021000000013e100000000001fec00000000
SEND 000200
SEND 62690d
SEND 000000e1000000000100000001
WAIT 62031000000013e10000000000010800000000
SEND 000300
SEND 626a0d
SEND 000000e1000000004283230001
WAIT 62041000000013e10000000000010800000000
SEND 000400
SEND 626b0d
SEND 000000e1000000004283230001
WAIT 62051000000013e10000000000010800000000
SEND 000500
SEND 626c0d
SEND 000000e1000000004283230001
WAIT 62061000000013e10000000000010800000000
SEND 000600
SEND 626d0d
SEND 000000e1000000004283230001
WAIT 62071000000013e10000000000010800000000
SEND 000700
SEND 626e0d
SEND 000000e1000000004283230001
WAIT 62081000000013e10000000000011000000000
SEND 000800
SEND 626f0d
SEND 000000e100000000df01330101
WAIT 62090c0000001200000110dffa3301
SEND 000900
WAIT 620a1000000013e10000000000011000000000
SEND 000a00
SEND 62700d
SEND 000000e100000000dffa330101
WAIT 620b0c0000001200000110e7fa3301
SEND 000b00
WAIT 620c1000000013e100000000001fd000000000
SEND 000c00
SEND 62710d
SEND 000000e1000000000000006401
WAIT 620d1000000013e100000000001fd400000000
SEND 000d00
SEND 62720d
SEND 000000e1000000000000037201
WAIT 620e1000000013e100000000001fd800000000
SEND 000e00
SEND 62730d
SEND 000000e100000000a000002801
WAIT 620f1000000013e100000000001fdc00000000
SEND 000f00
SEND 62740d
SEND 000000e1000000000000001b01
WAIT 62101000000013e100000000001fc000000000
SEND 001000
SEND 62750d
SEND 000000e1000000000000037201
WAIT 62111000000013e100000000001fc400000000
SEND 001100
SEND 62760d
SEND 000000e100000000000003e801
WAIT 62121000000013e100000000001fc800000000
SEND 001200
SEND 62770d
SEND 000000e100000000ffffffff01
WAIT 62131000000013e100000000001fcc00000000
SEND 001300
SEND 62780d
SEND 000000e100000000ffffffff01
WAIT 62141000000013e100000000001fb000000000
SEND 001400
SEND 62790d
SEND 000000e1000000000000002a01
WAIT 62151000000013e100000000001fb400000000
SEND 001500
SEND 627a0d
SEND 000000e100000000ffffffff01
WAIT 62161000000013e100000000001fb800000000
SEND 001600
SEND 627b0d
SEND 000000e100000000ffffffff01
WAIT 62171000000013e100000000001fbc00000000
SEND 001700
SEND 627c0d
SEND 000000e100000000ffffffff01
WAIT 62181000000013e100000000001fe000000000
SEND 001800
SEND 627d0d
SEND 000000e100000000ffffffff01
WAIT 62191000000013e100000000001fac00000000
SEND 001900
SEND 627e0d
SEND 000000e10000000000001f6c01
WAIT 621a1000000013e100000000001fe400000000
SEND 001a00
SEND 627f0d
SEND 000000e1000000000000040b01
WAIT 621b1000000013e100000000001fe800000000
SEND 001b00
SEND 62800d
SEND 000000e1000000000000010a01
WAIT 621c1000000013e100000000001fec00000000
SEND 001c00
SEND 62810d
SEND 000000e1000000000100000001
WAIT 621d1000000013e10000000000010800000000
SEND 001d00
SEND 62820d
SEND 000000e1000000004283230001
WAIT 621e1000000013e10000000000010800000000
SEND 001e00
SEND 62830d
SEND 000000e1000000004283230001
WAIT 621f1000000013e10000000000010800000000
SEND 001f00
SEND 62840d
SEND 000000e1000000004283230001
WAIT 62201000000013e10000000000010800000000
SEND 002000
SEND 62850d
SEND 000000e1000000004283230001
WAIT 62211000000013e10000000000010800000000
SEND 002100
SEND 62860d
SEND 000000e1000000004283230001
WAIT 62220c0000001200001fb4deadbeef
SEND 002200
WAIT 62231000000013e100000000001fd000000000
SEND 002300
SEND 62870d
SEND 000000e1000000000000006401
WAIT 62241000000013e100000000001fd400000000
SEND 002400
SEND 62880d
SEND 000000e1000000000000037201
WAIT 62251000000013e100000000001fd800000000
SEND 002500
SEND 62890d
SEND 000000e100000000a000002801
WAIT 62261000000013e100000000001fdc00000000
SEND 002600
SEND 628a0d
SEND 000000e1000000000000001b01
WAIT 62271000000013e100000000001fc000000000
SEND 002700
SEND 628b0d
SEND 000000e1000000000000037201
WAIT 62281000000013e100000000001fc400000000
SEND 002800
SEND 628c0d
SEND 000000e100000000000003e801
WAIT 62291000000013e100000000001fc800000000
SEND 002900
SEND 628d0d
SEND 000000e100000000ffffffff01
WAIT 622a1000000013e100000000001fcc00000000
SEND 002a00
SEND 628e0d
SEND 000000e100000000ffffffff01
WAIT 622b1000000013e100000000001fb000000000
SEND 002b00
SEND 628f0d
SEND 000000e1000000000000002a01
WAIT 622c1000000013e100000000001fb400000000
SEND 002c00
SEND 62900d
SEND 000000e100000000deadbeef01
WAIT 622d1000000013e100000000001fb800000000
SEND 002d00
SEND 62910d
SEND 000000e100000000ffffffff01
WAIT 622e1000000013e100000000001fbc00000000
SEND 002e00
SEND 62920d
SEND 000000e100000000ffffffff01
WAIT 622f1000000013e100000000001fe000000000
SEND 002f00
SEND 62930d
SEND 000000e100000000ffffffff01
WAIT 62301000000013e100000000001fac00000000
SEND 003000
SEND 62940d
SEND 000000e10000000000001f6c01
WAIT 62311000000013e100000000001fe400000000
SEND 003100
SEND 62950d
SEND 000000e1000000000000040b01
WAIT 62321000000013e100000000001fe800000000
SEND 003200
SEND 62960d
SEND 000000e1000000000000010a01
WAIT 62331000000013e100000000001fec00000000
SEND 003300
SEND 62970d
SEND 000000e1000000000100000001
WAIT 62341000000013e10000000000010800000000
SEND 003400
SEND 62980d
SEND 000000e1000000004283230001
WAIT 62351000000013e10000000000010800000000
SEND 003500
SEND 62990d
SEND 000000e1000000004283230001
WAIT 62361000000013e10000000000010800000000
SEND 003600
SEND 629a0d
SEND 000000e1000000004283230001
WAIT 62371000000013e10000000000010800000000
SEND 003700
SEND 629b0d
SEND 000000e1000000004283230001
WAIT 62381000000013e10000000000010800000000
SEND 003800
SEND 629c0d
SEND 000000e1000000004283230001
WAIT 62390c0000001200001fb4feedface
SEND 003900
WAIT 623a1000000013e100000000001fd000000000
SEND 003a00
SEND 629d0d
SEND 000000e1000000000000006401
WAIT 623b1000000013e100000000001fd400000000
SEND 003b00
SEND 629e0d
SEND 000000e1000000000000037201
WAIT 623c1000000013e100000000001fd800000000
SEND 003c00
SEND 629f0d
SEND 000000e100000000a000002801
WAIT 623d1000000013e100000000001fdc00000000
SEND 003d00
SEND 62a00d
SEND 000000e1000000000000001b01
WAIT 623e1000000013e100000000001fc000000000
SEND 003e00
SEND 62a10d
SEND 000000e1000000000000037201
WAIT 623f1000000013e100000000001fc400000000
SEND 003f00
SEND 62a20d
SEND 000000e100000000000003e801
WAIT 62401000000013e100000000001fc800000000
SEND 004000
SEND 62a30d
SEND 000000e100000000ffffffff01
WAIT 62411000000013e100000000001fcc00000000
SEND 004100
SEND 62a40d
SEND 000000e100000000ffffffff01
WAIT 62421000000013e100000000001fb000000000
SEND 004200
SEND 62a50d
SEND 000000e1000000000000002a01
WAIT 62431000000013e100000000001fb400000000
SEND 004300
SEND 62a60d
SEND 000000e100000000feedface01
WAIT 62441000000013e100000000001fb800000000
SEND 004400
SEND 62a70d
SEND 000000e100000000ffffffff01
WAIT 62451000000013e100000000001fbc00000000
SEND 004500
SEND 62a80d
SEND 000000e100000000ffffffff01
WAIT 62461000000013e100000000001fe000000000
SEND 004600
SEND 62a90d
SEND 000000e100000000ffffffff01
WAIT 62471000000013e100000000001fac00000000
SEND 004700
SEND 62aa0d
SEND 000000e10000000000001f6c01
WAIT 62481000000013e100000000001fe400000000
SEND 004800
SEND 62ab0d
SEND 000000e1000000000000040b01
WAIT 62491000000013e100000000001fe800000000
SEND 004900
SEND 62ac0d
SEND 000000e1000000000000010a01
WAIT 624a1000000013e100000000001fec00000000
SEND 004a00
SEND 62ad0d
SEND 000000e1000000000100000001
WAIT 624b1000000013e10000000000010800000000
SEND 004b00
SEND 62ae0d
SEND 000000e1000000004283230001
WAIT 624c1000000013e10000000000010800000000
SEND 004c00
SEND 62af0d
SEND 000000e1000000004283230001
WAIT 624d1000000013e10000000000010800000000
SEND 004d00
SEND 62b00d
SEND 000000e1000000004283230001
WAIT 624e1000000013e10000000000010800000000
SEND 004e00
SEND 62b10d
SEND 000000e1000000004283230001
WAIT 624f1000000013e10000000000010800000000
SEND 004f00
SEND 62b20d
SEND 000000e1000000004283230001
WAIT 62501000000013e100000000001fe800000000
SEND 005000
SEND 62b30d
SEND 000000e1000000000000010a01
WAIT 62511000000013e100000000001fe800000000
SEND 005100
SEND 62b40d
SEND 000000e1000000000000010a01
WAIT 62521000000013e10000000000010800000000
SEND 005200
SEND 62b50d
SEND 000000e1000000004283230001
WAIT 62531000000013e100000000001fd000000000
SEND 005300
SEND 62b60d
SEND 000000e1000000000000006401
WAIT 62541000000013e100000000001fdc00000000
SEND 005400
SEND 62b70d
SEND 000000e1000000000000001b01
WAIT 62551000000013e100000000001fec00000000
SEND 005500
SEND 62b80d
SEND 000000e1000000000100000001
WAIT 62561000000013e100000000001fec00000000
SEND 005600
SEND 62b90d
SEND 000000e1000000000100000001
WAIT 62571000000013e10000000000010c00000000
SEND 005700
SEND 62ba0d
SEND 000000e10000000046c0d00201
WAIT 62581000000013e10000000000010c00000000
SEND 005800
SEND 62bb0d
SEND 000000e10000000046c0d00201
WAIT 62590c000000120000010c46c0df01
SEND 005900
WAIT 625a0c0000001200001f9400000001
SEND 005a00
SEND 62bc09
SEND 000000e000001f9401
SEND 62bd09
SEND 000000e000001fa801
WAIT 625b1000000013e10000000000010c00000000
SEND 005b00
SEND 62be0d
SEND 000000e10000000046c0df0101
WAIT 625c0c000000120000010c46c0d002
SEND 005c00
WAIT 625d1000000013e100000000001fd000000000
SEND 005d00
SEND 62bf0d
SEND 000000e1000000000000006401
WAIT 625e1000000013e100000000001fd400000000
SEND 005e00
SEND 62c00d
SEND 000000e1000000000000037201
WAIT 625f1000000013e100000000001fd800000000
SEND 005f00
SEND 62c10d
SEND 000000e100000000a000002801
WAIT 62601000000013e100000000001fdc00000000
SEND 006000
SEND 62c20d
SEND 000000e1000000000000001b01
WAIT 62611000000013e100000000001fc000000000
SEND 006100
SEND 62c30d
SEND 000000e1000000000000037201
WAIT 62621000000013e100000000001fc400000000
SEND 006200
SEND 62c40d
SEND 000000e100000000000003e801
WAIT 62631000000013e100000000001fc800000000
SEND 006300
SEND 62c50d
SEND 000000e100000000ffffffff01
WAIT 62641000000013e100000000001fcc00000000
SEND 006400
SEND 62c60d
SEND 000000e100000000ffffffff01
WAIT 62651000000013e100000000001fb000000000
SEND 006500
SEND 62c70d
SEND 000000e1000000000000002a01
WAIT 62661000000013e100000000001fb400000000
SEND 006600
SEND 62c80d
SEND 000000e100000000feedface01
WAIT 62671000000013e100000000001fb800000000
SEND 006700
SEND 62c90d
SEND 000000e100000000ffffffff01
WAIT 62681000000013e100000000001fbc00000000
SEND 006800
SEND 62ca0d
SEND 000000e100000000ffffffff01
WAIT 62691000000013e100000000001fe000000000
SEND 006900
SEND 62cb0d
SEND 000000e100000000ffffffff01
WAIT 626a1000000013e100000000001fac00000000
SEND 006a00
SEND 62cc0d
SEND 000000e10000000000001f6c01
WAIT 626b1000000013e100000000001fe400000000
SEND 006b00
SEND 62cd0d
SEND 000000e1000000000000040b01
WAIT 626c1000000013e100000000001fe800000000
SEND 006c00
SEND 62ce0d
SEND 000000e1000000000000010c01
WAIT 626d1000000013e100000000001fec00000000
SEND 006d00
SEND 62cf0d
SEND 000000e1000000008100000001
WAIT 626e1000000013e10000000000010c00000000
SEND 006e00
SEND 62d00d
SEND 000000e10000000046c0d00201
WAIT 626f1000000013e10000000000010800000000
SEND 006f00
SEND 62d10d
SEND 000000e1000000004283230001
WAIT 62701000000013e10000000000010800000000
SEND 007000
SEND 62d20d
SEND 000000e1000000004283230001
WAIT 62711000000013e10000000000010000000000
SEND 007100
SEND 62d30d
SEND 000000e1000000000000031d01
WAIT 62721000000013e10000000000010400000000
SEND 007200
SEND 62d40d
SEND 000000e100000000000002d101
WAIT 62731000000013e10000000000010800000000
SEND 007300
SEND 62d50d
SEND 000000e1000000004283230001
WAIT 62741000000013e10000000000010c00000000
SEND 007400
SEND 62d60d
SEND 000000e10000000046c0d00201
WAIT 62751000000013e10000000000011000000000
SEND 007500
SEND 62d70d
SEND 000000e100000000e7fa330101
WAIT 62761000000013e10000000000011400000000
SEND 007600
SEND 62d80d
SEND 000000e1000000000000477001
WAIT 62771000000013e10000000000011800000000
SEND 007700
SEND 62d90d
SEND 000000e1000000004b03220001
WAIT 62781000000013e10000000000011c00000000
SEND 007800
SEND 62da0d
SEND 000000e1000000004a03601a01
WAIT 62791000000013e10000000000012000000000
SEND 007900
SEND 62db0d
SEND 000000e1000000002201601001
WAIT 627a1000000013e10000000000012400000000
SEND 007a00
SEND 62dc0d
SEND 000000e1000000004770601a01
WAIT 627b1000000013e10000000000012800000000
SEND 007b00
SEND 62dd0d
SEND 000000e100000000a000120001
WAIT 627c1000000013e10000000000012c00000000
SEND 007c00
SEND 62de0d
SEND 000000e100000000a000120401
WAIT 627d1000000013e10000000000013000000000
SEND 007d00
SEND 62df0d
SEND 000000e1000000004b01220001
WAIT 627e1000000013e10000000000013400000000
SEND 007e00
SEND 62e00d
SEND 000000e1000000004770601a01
WAIT 627f1000000013e10000000000013800000000
SEND 007f00
SEND 62e10d
SEND 000000e100000000a000120001
WAIT 62801000000013e10000000000013c00000000
SEND 008000
SEND 62e20d
SEND 000000e100000000d003290001
WAIT 62811000000013e10000000000011400000000
SEND 008100
SEND 62e30d
SEND 000000e1000000000000477001
WAIT 62821000000013e10000000000011400000000
SEND 008200
SEND 62e40d
SEND 000000e1000000000000477001
WAIT 62831000000013e10000000000011400000000
SEND 008300
SEND 62e50d
SEND 000000e1000000000000477001
WAIT 62840c00000012000001140000df01
SEND 008400
WAIT 62850c0000001200001f9400000001
SEND 008500
SEND 62e609
SEND 000000e000001f9401
SEND 62e709
SEND 000000e000001fa801
WAIT 62861000000013e100000000001fd000000000
SEND 008600
SEND 62e80d
SEND 000000e1000000000000006401
WAIT 62871000000013e100000000001fd400000000
SEND 008700
SEND 62e90d
SEND 000000e1000000000000037201
WAIT 62881000000013e100000000001fd800000000
SEND 008800
SEND 62ea0d
SEND 000000e100000000a000002801
WAIT 62891000000013e100000000001fdc00000000
SEND 008900
SEND 62eb0d
SEND 000000e1000000000000006401
WAIT 628a1000000013e100000000001fc000000000
SEND 008a00
SEND 62ec0d
SEND 000000e1000000000000037201
WAIT 628b1000000013e100000000001fc400000000
SEND 008b00
SEND 62ed0d
SEND 000000e100000000000003e801
WAIT 628c1000000013e100000000001fc800000000
SEND 008c00
SEND 62ee0d
SEND 000000e100000000ffffffff01
WAIT 628d1000000013e100000000001fcc00000000
SEND 008d00
SEND 62ef0d
SEND 000000e100000000ffffffff01
WAIT 628e1000000013e100000000001fb000000000
SEND 008e00
SEND 62f00d
SEND 000000e1000000000000002a01
WAIT 628f1000000013e100000000001fb400000000
SEND 008f00
SEND 62f10d
SEND 000000e100000000feedface01
WAIT 62901000000013e100000000001fb800000000
SEND 009000
SEND 62f20d
SEND 000000e100000000ffffffff01
WAIT 62911000000013e100000000001fbc00000000
SEND 009100
SEND 62f30d
SEND 000000e100000000ffffffff01
WAIT 62921000000013e100000000001fe000000000
SEND 009200
SEND 62f40d
SEND 000000e100000000ffffffff01
WAIT 62931000000013e100000000001fac00000000
SEND 009300
SEND 62f50d
SEND 000000e10000000000001f6c01
WAIT 62941000000013e100000000001fe400000000
SEND 009400
SEND 62f60d
SEND 000000e1000000000000040b01
WAIT 62951000000013e100000000001fe800000000
SEND 009500
SEND 62f70d
SEND 000000e1000000000000011401
WAIT 62961000000013e100000000001fec00000000
SEND 009600
SEND 62f80d
SEND 000000e1000000006100000001
WAIT 62971000000013e10000000000011400000000
SEND 009700
SEND 62f90d
SEND 000000e1000000000000df0101
WAIT 62981000000013e10000000000010800000000
SEND 009800
SEND 62fa0d
SEND 000000e1000000004283230001
WAIT 62991000000013e10000000000010800000000
SEND 009900
SEND 62fb0d
SEND 000000e1000000004283230001
WAIT 629a1000000013e10000000000010c00000000
SEND 009a00
SEND 62fc0d
SEND 000000e10000000046c0d00201
WAIT 629b1000000013e10000000000011400000000
SEND 009b00
SEND 62fd0d
SEND 000000e1000000000000df0101
WAIT 629c0c000000120000011400004770
SEND 009c00
WAIT 629d1000000013e100000000001fe800000000
SEND 009d00
SEND 62fe0d
SEND 000000e1000000000000011401
WAIT 629e1000000013e100000000001fe800000000
SEND 009e00
SEND 62ff0d
SEND 000000e1000000000000011401
WAIT 629f1000000013e10000000000011400000000
SEND 009f00
SEND 62000d
SEND 000000e1000000000000477001
WAIT 62a01000000013e100000000001fec00000000
SEND 00a000
SEND 62010d
SEND 000000e1000000006100000001
WAIT 62a11000000013e100000000001fe400000000
SEND 00a100
SEND 62020d
SEND 000000e1000000000000040b01
WAIT 62a21000000013e100000000001fec00000000
SEND 00a200
SEND 62030d
SEND 000000e1000000006100000001
WAIT 62a31000000013e100000000001fec00000000
SEND 00a300
SEND 62040d
SEND 000000e1000000006100000001
WAIT 62a41000000013e10000000000040800000000
SEND 00a400
SEND 62050d
SEND 000000e1000000003401fe7f01
WAIT 62a51000000013e10000000000040800000000
SEND 00a500
SEND 62060d
SEND 000000e1000000003401fe7f01
WAIT 62a60c0000001200000408df01fe7f
SEND 00a600
WAIT 62a70c0000001200001f9400000001
SEND 00a700
SEND 620709
SEND 000000e000001f9401
SEND 620809
SEND 000000e000001fa801
WAIT 62a81000000013e10000000000040800000000
SEND 00a800
SEND 62090d
SEND 000000e100000000df01fe7f01
WAIT 62a90c00000012000004083401fe7f
SEND 00a900
WAIT 62aa1000000013e100000000001fd000000000
SEND 00aa00
SEND 620a0d
SEND 000000e1000000000000006401
WAIT 62ab1000000013e100000000001fd400000000
SEND 00ab00
SEND 620b0d
SEND 000000e1000000000000037201
WAIT 62ac1000000013e100000000001fd800000000
SEND 00ac00
SEND 620c0d
SEND 000000e100000000a000002801
WAIT 62ad1000000013e100000000001fdc00000000
SEND 00ad00
SEND 620d0d
SEND 000000e1000000000000006401
WAIT 62ae1000000013e100000000001fc000000000
SEND 00ae00
SEND 620e0d
SEND 000000e1000000000000037201
WAIT 62af1000000013e100000000001fc400000000
SEND 00af00
SEND 620f0d
SEND 000000e100000000000003e801
WAIT 62b01000000013e100000000001fc800000000
SEND 00b000
SEND 62100d
SEND 000000e100000000ffffffff01
WAIT 62b11000000013e100000000001fcc00000000
SEND 00b100
SEND 62110d
SEND 000000e100000000ffffffff01
WAIT 62b21000000013e100000000001fb000000000
SEND 00b200
SEND 62120d
SEND 000000e1000000000000002a01
WAIT 62b31000000013e100000000001fb400000000
SEND 00b300
SEND 62130d
SEND 000000e100000000feedface01
WAIT 62b41000000013e100000000001fb800000000
SEND 00b400
SEND 62140d
SEND 000000e100000000ffffffff01
WAIT 62b51000000013e100000000001fbc00000000
SEND 00b500
SEND 62150d
SEND 000000e100000000ffffffff01
WAIT 62b61000000013e100000000001fe000000000
SEND 00b600
SEND 62160d
SEND 000000e100000000ffffffff01
WAIT 62b71000000013e100000000001fac00000000
SEND 00b700
SEND 62170d
SEND 000000e10000000000001f6c01
WAIT 62b81000000013e100000000001fe400000000
SEND 00b800
SEND 62180d
SEND 000000e1000000000000040b01
WAIT 62b91000000013e100000000001fe800000000
SEND 00b900
SEND 62190d
SEND 000000e1000000000000040a01
WAIT 62ba1000000013e100000000001fec00000000
SEND 00ba00
SEND 621a0d
SEND 000000e1000000006100000001
WAIT 62bb1000000013e10000000000040800000000
SEND 00bb00
SEND 621b0d
SEND 000000e1000000003401fe7f01
WAIT 62bc1000000013e10000000000040800000000
SEND 00bc00
SEND 621c0d
SEND 000000e1000000003401fe7f01
WAIT 62bd1000000013e10000000000040800000000
SEND 00bd00
SEND 621d0d
SEND 000000e1000000003401fe7f01
WAIT 62be1000000013e10000000000040800000000
SEND 00be00
SEND 621e0d
SEND 000000e1000000003401fe7f01
WAIT 62bf1000000013e10000000000036000000000
SEND 00bf00
SEND 621f0d
SEND 000000e1000000004645b53001
WAIT 62c01000000013e10000000000036000000000
SEND 00c000
SEND 62200d
SEND 000000e1000000004645b53001
WAIT 62c11000000013e10000000000036400000000
SEND 00c100
SEND 62210d
SEND 000000e100000000f7ffb42001
WAIT 62c21000000013e10000000000036400000000
SEND 00c200
SEND 62220d
SEND 000000e100000000f7ffb42001
WAIT 62c31000000013e10000000000036800000000
SEND 00c300
SEND 62230d
SEND 000000e100000000492bfefd01
WAIT 62c41000000013e100000000001f7800000000
SEND 00c400
SEND 62240d
SEND 000000e1000000008d9c222c01
WAIT 62c51000000013e10000008d9c222c00000000
SEND 00c500
SEND 62250d
SEND 000000e10000000000001fa801
WAIT 62c61000000013e100000000001f7800000000
SEND 00c600
SEND 62260d
SEND 000000e1000000008d9c222c01
WAIT 62c71000000013e100000000001f7800000000
SEND 00c700
SEND 62270d
SEND 000000e1000000008d9c222c01
WAIT 62c81000000013e1000000fffffffc00000000
SEND 00c800
SEND 62280d
SEND 000000e10000000000001fa801
WAIT 62c91000000013e1000000fffffffc00000000
SEND 00c900
SEND 62290d
SEND 000000e10000000000001fa801
WAIT 62ca1000000013e1000000fffffffc00000000
SEND 00ca00
SEND 622a0d
SEND 000000e10000000000001fa801
WAIT 62cb1000000013e1000000fffffffc00000000
SEND 00cb00
SEND 622b0d
SEND 000000e10000000000001fa801
WAIT 62cc0c0000001200001f9400000001
SEND 00cc00

#prevents serial from closing too soon
SLEEP 10
