WAIT 560000
SEND 000002
SEND 0004

#start over again
WAIT 560000
SEND 000002
SEND 0004
WAIT 7601020004
SEND 000100
WAIT 3f02013f
SEND 00020b
SEND 3f424d4f505f62666d6f70
WAIT 6f0305630061a800
SEND 000300
WAIT 6f04027001
SEND 000400
WAIT 6f05026f00
SEND 000500
WAIT 7006036f0301
SEND 000600
WAIT 6d07026d00
SEND 000700
WAIT 6f080563000411aa
SEND 000800
WAIT 6609027394
SEND 000900
WAIT 6f0a056300008235
SEND 000a00
WAIT 660b0f800001000081000000a0bbbbaaaa6a
SEND 000b00
WAIT 660c0180
SEND 000c00
