WAIT 560000
SEND 000002
SEND 0004

WAIT 560000
SEND 000002
SEND 0004
WAIT 7601020004
SEND 000100
WAIT 3f02013f
SEND 00020b
SEND 3f424d4f505f62666d6f70
WAIT 6f0305630061a800
SEND 000300
WAIT 6f04027001
SEND 000400
WAIT 6f05026f00
SEND 000500
WAIT 7006036f0301
SEND 000600
WAIT 6d07026d00
SEND 000700
WAIT 6f080563000411aa
SEND 000800
WAIT 6609027394
SEND 000900
WAIT 6f0a056300008235
SEND 000a00
WAIT 660bff810007c3004b000000000020000083000000000000000000000080000000800000008000000080000000800000008000000080000000000000008000000080000000000000000000000015010000210100002d010000450100005d010000750100008d010000a5010000bd010000d5010000f10100000102000011020000210200000000000000000000fee700f0d5f8fce70023834200d17047c0460133f9e7000000290ad0c0239b021843054b1860002a02d00122034b1a6070474004400cf4e7440000a0001300a00122044b52421a60ff22034b92001a607047c04680e200e000e100e00449054a0b681a40a0231b0213430b607047c046280000a0ff
SEND 000b00
WAIT 660cff0fffff030102481843016001207047003000a00022014b1a607047103000a00122014b1a60704780e200e00222014b1a60704780e200e00422034b1a60034b0c321a607047c04680e200e0240300000822034b1a60034b09321a607047c04680e200e0240300001022034b1a60034b02321a607047c04680e200e0240300002022034b1a60034b0d3a1a607047c04680e200e0240300004022034b1a60034b2c3a1a607047c04680e200e0240300008022034b1a60034b6b3a1a607047c04680e200e0240300008022034b52001a60024bea3a1a60704780e200e0240300008022044b92001a60034bea3aff3a1a607047c04680e200e0240300008022024b
SEND 000c00
WAIT 660dffd2001a607047c04680e200e08022024b12011a607047c04680e200e08022024b52011a607047c04680e200e08022024b92011a607047c04680e200e070b5fff745ff2a482a4c0368a34234d08022294b52011968284d0a431a601a6827491140802292010a431a601a6825491140802212020a431a60c0221968d2020a431a601a68204b1a60046000241f4b64201c601e4b1c601e4b1c6002232b60fff7fafe01222868110080b2fff7fcfe78231c60fff730fffee7fff717ff1649aa20fff721fffa266420fff7e5fe6425b60000242100aa20fff716ff2800fff7dbfe01342800fff7d7feb442f2d1f0e714030000eebeadde0c03000030030000ff9fff
SEND 000d00
WAIT 660e1effff7ffeff2c0000a0100300002c030000240300003412cdab08a306005b
SEND 000e00
WAIT 660f0180
SEND 000f00

SLEEP 2

