# from a bug found on the ice board
# that caused a runaway message length
# 
# Andrew Lukefahr
# 20170511

# SUPPORTED COMMANDS:
# WAIT HEXVALUE - waits until the hex value message is recieved
# SLEEP X - sleeps X seconds before proceeding (can be floating point)
# SEND HEXVALUE - sends the hexvalue over the ICE interface


WAIT 0x560000
SEND 0x0000020004

WAIT 0x560000
SEND 0x0000020004

WAIT 0x7601020004
SEND 0x000100

WAIT 0x3F02013F
SEND 00020b3f424d4f505f62666d6f70

WAIT 0x6f0305630061a800
SEND 0x000300

WAIT 0x6f04027001
SEND 0x000400

WAIT 0x6f05026f00
SEND 0x000500

WAIT 0x7006036f0301
SEND 0x000600

# Dont up the baud rate anymore
#WAIT 5f070362000a
#SEND 000700

WAIT 6d07027201
SEND 000700

#event 8
WAIT 6d08026d00
SEND 000800

#event 9
WAIT 6d09025301
SEND 000a00

#event 10
WAIT 6d0a027307
SEND 000a00

#event 11
WAIT 6d0b027200
SEND 000b00

SLEEP 0.1

SEND 620409000000740003d00001
#Badly formed message - length too long
SEND 6205FC0000007600035FFB03
SEND 6206FC000000770003C8EB03
SEND 6207FC000000790000712403

SLEEP 0.1

SEND 620809000000740003D00001
SEND 620909000000740003d00001
SEND 620A09000000740003d00001

#exit command
SEND 650B0400000000

#prevents serial from closing too soon
SLEEP 10

